This file contains any messages produced by compilers while
running configure, to aid debugging if configure makes a mistake.

It was created by libmpq configure 0.4.2, which was
generated by GNU Autoconf 2.69.  Invocation command line was

  $ ./configure 

## --------- ##
## Platform. ##
## --------- ##

hostname = bambam
uname -m = x86_64
uname -r = 2.6.32-042stab120.16
uname -s = Linux
uname -v = #1 SMP Tue Dec 13 20:58:28 MSK 2016

/usr/bin/uname -p = unknown
/bin/uname -X     = unknown

/bin/arch              = unknown
/usr/bin/arch -k       = unknown
/usr/convex/getsysinfo = unknown
/usr/bin/hostinfo      = unknown
/bin/machine           = unknown
/usr/bin/oslevel       = unknown
/bin/universe          = unknown

PATH: /home/mangos/bin
PATH: /home/mangos/.local/bin
PATH: /usr/local/sbin
PATH: /usr/local/bin
PATH: /usr/sbin
PATH: /usr/bin
PATH: /sbin
PATH: /bin
PATH: /snap/bin


## ----------- ##
## Core tests. ##
## ----------- ##

configure:2266: checking build system type
configure:2280: result: x86_64-pc-linux-gnu
configure:2300: checking host system type
configure:2313: result: x86_64-pc-linux-gnu
configure:2333: checking target system type
configure:2346: result: x86_64-pc-linux-gnu
configure:2391: checking for a BSD-compatible install
configure:2459: result: /usr/bin/install -c
configure:2470: checking whether build environment is sane
configure:2525: result: yes
configure:2676: checking for a thread-safe mkdir -p
configure:2715: result: /bin/mkdir -p
configure:2722: checking for gawk
configure:2738: found /usr/bin/gawk
configure:2749: result: gawk
configure:2760: checking whether make sets $(MAKE)
configure:2782: result: yes
configure:2811: checking whether make supports nested variables
configure:2828: result: yes
configure:3008: checking how to print strings
configure:3035: result: printf
configure:3104: checking for gcc
configure:3120: found /usr/bin/gcc
configure:3131: result: gcc
configure:3360: checking for C compiler version
configure:3369: gcc --version >&5
gcc (Ubuntu 5.4.0-6ubuntu1~16.04.4) 5.4.0 20160609
Copyright (C) 2015 Free Software Foundation, Inc.
This is free software; see the source for copying conditions.  There is NO
warranty; not even for MERCHANTABILITY or FITNESS FOR A PARTICULAR PURPOSE.

configure:3380: $? = 0
configure:3369: gcc -v >&5
Using built-in specs.
COLLECT_GCC=gcc
COLLECT_LTO_WRAPPER=/usr/lib/gcc/x86_64-linux-gnu/5/lto-wrapper
Target: x86_64-linux-gnu
Configured with: ../src/configure -v --with-pkgversion='Ubuntu 5.4.0-6ubuntu1~16.04.4' --with-bugurl=file:///usr/share/doc/gcc-5/README.Bugs --enable-languages=c,ada,c++,java,go,d,fortran,objc,obj-c++ --prefix=/usr --program-suffix=-5 --enable-shared --enable-linker-build-id --libexecdir=/usr/lib --without-included-gettext --enable-threads=posix --libdir=/usr/lib --enable-nls --with-sysroot=/ --enable-clocale=gnu --enable-libstdcxx-debug --enable-libstdcxx-time=yes --with-default-libstdcxx-abi=new --enable-gnu-unique-object --disable-vtable-verify --enable-libmpx --enable-plugin --with-system-zlib --disable-browser-plugin --enable-java-awt=gtk --enable-gtk-cairo --with-java-home=/usr/lib/jvm/java-1.5.0-gcj-5-amd64/jre --enable-java-home --with-jvm-root-dir=/usr/lib/jvm/java-1.5.0-gcj-5-amd64 --with-jvm-jar-dir=/usr/lib/jvm-exports/java-1.5.0-gcj-5-amd64 --with-arch-directory=amd64 --with-ecj-jar=/usr/share/java/eclipse-ecj.jar --enable-objc-gc --enable-multiarch --disable-werror --with-arch-32=i686 --with-abi=m64 --with-multilib-list=m32,m64,mx32 --enable-multilib --with-tune=generic --enable-checking=release --build=x86_64-linux-gnu --host=x86_64-linux-gnu --target=x86_64-linux-gnu
Thread model: posix
gcc version 5.4.0 20160609 (Ubuntu 5.4.0-6ubuntu1~16.04.4) 
configure:3380: $? = 0
configure:3369: gcc -V >&5
gcc: error: unrecognized command line option '-V'
gcc: fatal error: no input files
compilation terminated.
configure:3380: $? = 1
configure:3369: gcc -qversion >&5
gcc: error: unrecognized command line option '-qversion'
gcc: fatal error: no input files
compilation terminated.
configure:3380: $? = 1
configure:3400: checking whether the C compiler works
configure:3422: gcc    conftest.c  >&5
configure:3426: $? = 0
configure:3474: result: yes
configure:3477: checking for C compiler default output file name
configure:3479: result: a.out
configure:3485: checking for suffix of executables
configure:3492: gcc -o conftest    conftest.c  >&5
configure:3496: $? = 0
configure:3518: result: 
configure:3540: checking whether we are cross compiling
configure:3548: gcc -o conftest    conftest.c  >&5
configure:3552: $? = 0
configure:3559: ./conftest
configure:3563: $? = 0
configure:3578: result: no
configure:3583: checking for suffix of object files
configure:3605: gcc -c   conftest.c >&5
configure:3609: $? = 0
configure:3630: result: o
configure:3634: checking whether we are using the GNU C compiler
configure:3653: gcc -c   conftest.c >&5
configure:3653: $? = 0
configure:3662: result: yes
configure:3671: checking whether gcc accepts -g
configure:3691: gcc -c -g  conftest.c >&5
configure:3691: $? = 0
configure:3732: result: yes
configure:3749: checking for gcc option to accept ISO C89
configure:3812: gcc  -c -g -O2  conftest.c >&5
configure:3812: $? = 0
configure:3825: result: none needed
configure:3850: checking whether gcc understands -c and -o together
configure:3872: gcc -c conftest.c -o conftest2.o
configure:3875: $? = 0
configure:3872: gcc -c conftest.c -o conftest2.o
configure:3875: $? = 0
configure:3887: result: yes
configure:3904: checking for a sed that does not truncate output
configure:3968: result: /bin/sed
configure:3986: checking for grep that handles long lines and -e
configure:4044: result: /bin/grep
configure:4049: checking for egrep
configure:4111: result: /bin/grep -E
configure:4116: checking for fgrep
configure:4178: result: /bin/grep -F
configure:4213: checking for ld used by gcc
configure:4280: result: /usr/bin/ld
configure:4287: checking if the linker (/usr/bin/ld) is GNU ld
configure:4302: result: yes
configure:4314: checking for BSD- or MS-compatible name lister (nm)
configure:4368: result: /usr/bin/nm -B
configure:4498: checking the name lister (/usr/bin/nm -B) interface
configure:4505: gcc -c -g -O2  conftest.c >&5
configure:4508: /usr/bin/nm -B "conftest.o"
configure:4511: output
0000000000000000 B some_variable
configure:4518: result: BSD nm
configure:4521: checking whether ln -s works
configure:4525: result: yes
configure:4533: checking the maximum length of command line arguments
configure:4664: result: 1966080
configure:4712: checking how to convert x86_64-pc-linux-gnu file names to x86_64-pc-linux-gnu format
configure:4752: result: func_convert_file_noop
configure:4759: checking how to convert x86_64-pc-linux-gnu file names to toolchain format
configure:4779: result: func_convert_file_noop
configure:4786: checking for /usr/bin/ld option to reload object files
configure:4793: result: -r
configure:4867: checking for objdump
configure:4883: found /usr/bin/objdump
configure:4894: result: objdump
configure:4926: checking how to recognize dependent libraries
configure:5126: result: pass_all
configure:5211: checking for dlltool
configure:5241: result: no
configure:5271: checking how to associate runtime and link libraries
configure:5298: result: printf %s\n
configure:5359: checking for ar
configure:5375: found /usr/bin/ar
configure:5386: result: ar
configure:5423: checking for archiver @FILE support
configure:5440: gcc -c -g -O2  conftest.c >&5
configure:5440: $? = 0
configure:5443: ar cru libconftest.a @conftest.lst >&5
ar: `u' modifier ignored since `D' is the default (see `U')
configure:5446: $? = 0
configure:5451: ar cru libconftest.a @conftest.lst >&5
ar: `u' modifier ignored since `D' is the default (see `U')
ar: conftest.o: No such file or directory
configure:5454: $? = 1
configure:5466: result: @
configure:5524: checking for strip
configure:5540: found /usr/bin/strip
configure:5551: result: strip
configure:5623: checking for ranlib
configure:5639: found /usr/bin/ranlib
configure:5650: result: ranlib
configure:5752: checking command to parse /usr/bin/nm -B output from gcc object
configure:5905: gcc -c -g -O2  conftest.c >&5
configure:5908: $? = 0
configure:5912: /usr/bin/nm -B conftest.o \| sed -n -e 's/^.*[ ]\([ABCDGIRSTW][ABCDGIRSTW]*\)[ ][ ]*\([_A-Za-z][_A-Za-z0-9]*\)$/\1 \2 \2/p' | sed '/ __gnu_lto/d' \> conftest.nm
configure:5915: $? = 0
configure:5981: gcc -o conftest -g -O2   conftest.c conftstm.o >&5
configure:5984: $? = 0
configure:6022: result: ok
configure:6069: checking for sysroot
configure:6099: result: no
configure:6106: checking for a working dd
configure:6144: result: /bin/dd
configure:6148: checking how to truncate binary pipes
configure:6163: result: /bin/dd bs=4096 count=1
configure:6299: gcc -c -g -O2  conftest.c >&5
configure:6302: $? = 0
configure:6492: checking for mt
configure:6508: found /bin/mt
configure:6519: result: mt
configure:6542: checking if mt is a manifest tool
configure:6548: mt '-?'
configure:6556: result: no
configure:7233: checking how to run the C preprocessor
configure:7264: gcc -E  conftest.c
configure:7264: $? = 0
configure:7278: gcc -E  conftest.c
conftest.c:11:28: fatal error: ac_nonexistent.h: No such file or directory
compilation terminated.
configure:7278: $? = 1
configure: failed program was:
| /* confdefs.h */
| #define PACKAGE_NAME "libmpq"
| #define PACKAGE_TARNAME "libmpq"
| #define PACKAGE_VERSION "0.4.2"
| #define PACKAGE_STRING "libmpq 0.4.2"
| #define PACKAGE_BUGREPORT "mbroemme@plusserver.de"
| #define PACKAGE_URL ""
| #define PACKAGE "libmpq"
| #define VERSION "0.4.2"
| /* end confdefs.h.  */
| #include <ac_nonexistent.h>
configure:7303: result: gcc -E
configure:7323: gcc -E  conftest.c
configure:7323: $? = 0
configure:7337: gcc -E  conftest.c
conftest.c:11:28: fatal error: ac_nonexistent.h: No such file or directory
compilation terminated.
configure:7337: $? = 1
configure: failed program was:
| /* confdefs.h */
| #define PACKAGE_NAME "libmpq"
| #define PACKAGE_TARNAME "libmpq"
| #define PACKAGE_VERSION "0.4.2"
| #define PACKAGE_STRING "libmpq 0.4.2"
| #define PACKAGE_BUGREPORT "mbroemme@plusserver.de"
| #define PACKAGE_URL ""
| #define PACKAGE "libmpq"
| #define VERSION "0.4.2"
| /* end confdefs.h.  */
| #include <ac_nonexistent.h>
configure:7366: checking for ANSI C header files
configure:7386: gcc -c -g -O2  conftest.c >&5
configure:7386: $? = 0
configure:7459: gcc -o conftest -g -O2   conftest.c  >&5
configure:7459: $? = 0
configure:7459: ./conftest
configure:7459: $? = 0
configure:7470: result: yes
configure:7483: checking for sys/types.h
configure:7483: gcc -c -g -O2  conftest.c >&5
configure:7483: $? = 0
configure:7483: result: yes
configure:7483: checking for sys/stat.h
configure:7483: gcc -c -g -O2  conftest.c >&5
configure:7483: $? = 0
configure:7483: result: yes
configure:7483: checking for stdlib.h
configure:7483: gcc -c -g -O2  conftest.c >&5
configure:7483: $? = 0
configure:7483: result: yes
configure:7483: checking for string.h
configure:7483: gcc -c -g -O2  conftest.c >&5
configure:7483: $? = 0
configure:7483: result: yes
configure:7483: checking for memory.h
configure:7483: gcc -c -g -O2  conftest.c >&5
configure:7483: $? = 0
configure:7483: result: yes
configure:7483: checking for strings.h
configure:7483: gcc -c -g -O2  conftest.c >&5
configure:7483: $? = 0
configure:7483: result: yes
configure:7483: checking for inttypes.h
configure:7483: gcc -c -g -O2  conftest.c >&5
configure:7483: $? = 0
configure:7483: result: yes
configure:7483: checking for stdint.h
configure:7483: gcc -c -g -O2  conftest.c >&5
configure:7483: $? = 0
configure:7483: result: yes
configure:7483: checking for unistd.h
configure:7483: gcc -c -g -O2  conftest.c >&5
configure:7483: $? = 0
configure:7483: result: yes
configure:7497: checking for dlfcn.h
configure:7497: gcc -c -g -O2  conftest.c >&5
configure:7497: $? = 0
configure:7497: result: yes
configure:7753: checking for objdir
configure:7768: result: .libs
configure:8028: checking if gcc supports -fno-rtti -fno-exceptions
configure:8046: gcc -c -g -O2  -fno-rtti -fno-exceptions conftest.c >&5
cc1: warning: command line option '-fno-rtti' is valid for C++/ObjC++ but not for C
configure:8050: $? = 0
configure:8063: result: no
configure:8421: checking for gcc option to produce PIC
configure:8428: result: -fPIC -DPIC
configure:8436: checking if gcc PIC flag -fPIC -DPIC works
configure:8454: gcc -c -g -O2  -fPIC -DPIC -DPIC conftest.c >&5
configure:8458: $? = 0
configure:8471: result: yes
configure:8500: checking if gcc static flag -static works
configure:8528: result: yes
configure:8543: checking if gcc supports -c -o file.o
configure:8564: gcc -c -g -O2  -o out/conftest2.o conftest.c >&5
configure:8568: $? = 0
configure:8590: result: yes
configure:8598: checking if gcc supports -c -o file.o
configure:8645: result: yes
configure:8678: checking whether the gcc linker (/usr/bin/ld -m elf_x86_64) supports shared libraries
configure:9941: result: yes
configure:9978: checking whether -lc should be explicitly linked in
configure:9986: gcc -c -g -O2  conftest.c >&5
configure:9989: $? = 0
configure:10004: gcc -shared  -fPIC -DPIC conftest.o  -v -Wl,-soname -Wl,conftest -o conftest 2\>\&1 \| /bin/grep  -lc  \>/dev/null 2\>\&1
configure:10007: $? = 0
configure:10021: result: no
configure:10181: checking dynamic linker characteristics
configure:10762: gcc -o conftest -g -O2   -Wl,-rpath -Wl,/foo conftest.c  >&5
configure:10762: $? = 0
configure:11011: result: GNU/Linux ld.so
configure:11133: checking how to hardcode library paths into programs
configure:11158: result: immediate
configure:11706: checking whether stripping libraries is possible
configure:11711: result: yes
configure:11746: checking if libtool supports shared libraries
configure:11748: result: yes
configure:11751: checking whether to build shared libraries
configure:11776: result: yes
configure:11779: checking whether to build static libraries
configure:11783: result: yes
configure:11820: checking whether make sets $(MAKE)
configure:11842: result: yes
configure:11899: checking for gcc
configure:11926: result: gcc
configure:12155: checking for C compiler version
configure:12164: gcc --version >&5
gcc (Ubuntu 5.4.0-6ubuntu1~16.04.4) 5.4.0 20160609
Copyright (C) 2015 Free Software Foundation, Inc.
This is free software; see the source for copying conditions.  There is NO
warranty; not even for MERCHANTABILITY or FITNESS FOR A PARTICULAR PURPOSE.

configure:12175: $? = 0
configure:12164: gcc -v >&5
Using built-in specs.
COLLECT_GCC=gcc
COLLECT_LTO_WRAPPER=/usr/lib/gcc/x86_64-linux-gnu/5/lto-wrapper
Target: x86_64-linux-gnu
Configured with: ../src/configure -v --with-pkgversion='Ubuntu 5.4.0-6ubuntu1~16.04.4' --with-bugurl=file:///usr/share/doc/gcc-5/README.Bugs --enable-languages=c,ada,c++,java,go,d,fortran,objc,obj-c++ --prefix=/usr --program-suffix=-5 --enable-shared --enable-linker-build-id --libexecdir=/usr/lib --without-included-gettext --enable-threads=posix --libdir=/usr/lib --enable-nls --with-sysroot=/ --enable-clocale=gnu --enable-libstdcxx-debug --enable-libstdcxx-time=yes --with-default-libstdcxx-abi=new --enable-gnu-unique-object --disable-vtable-verify --enable-libmpx --enable-plugin --with-system-zlib --disable-browser-plugin --enable-java-awt=gtk --enable-gtk-cairo --with-java-home=/usr/lib/jvm/java-1.5.0-gcj-5-amd64/jre --enable-java-home --with-jvm-root-dir=/usr/lib/jvm/java-1.5.0-gcj-5-amd64 --with-jvm-jar-dir=/usr/lib/jvm-exports/java-1.5.0-gcj-5-amd64 --with-arch-directory=amd64 --with-ecj-jar=/usr/share/java/eclipse-ecj.jar --enable-objc-gc --enable-multiarch --disable-werror --with-arch-32=i686 --with-abi=m64 --with-multilib-list=m32,m64,mx32 --enable-multilib --with-tune=generic --enable-checking=release --build=x86_64-linux-gnu --host=x86_64-linux-gnu --target=x86_64-linux-gnu
Thread model: posix
gcc version 5.4.0 20160609 (Ubuntu 5.4.0-6ubuntu1~16.04.4) 
configure:12175: $? = 0
configure:12164: gcc -V >&5
gcc: error: unrecognized command line option '-V'
gcc: fatal error: no input files
compilation terminated.
configure:12175: $? = 1
configure:12164: gcc -qversion >&5
gcc: error: unrecognized command line option '-qversion'
gcc: fatal error: no input files
compilation terminated.
configure:12175: $? = 1
configure:12179: checking whether we are using the GNU C compiler
configure:12207: result: yes
configure:12216: checking whether gcc accepts -g
configure:12277: result: yes
configure:12294: checking for gcc option to accept ISO C89
configure:12370: result: none needed
configure:12395: checking whether gcc understands -c and -o together
configure:12432: result: yes
configure:12456: checking for special C compiler options needed for large files
configure:12501: result: no
configure:12507: checking for _FILE_OFFSET_BITS value needed for large files
configure:12532: gcc -c -g -O2  conftest.c >&5
configure:12532: $? = 0
configure:12564: result: no
configure:12649: checking for _LARGEFILE_SOURCE value needed for large files
configure:12668: gcc -o conftest -g -O2   conftest.c  >&5
configure:12668: $? = 0
configure:12696: result: no
configure:12747: checking zlib.h usability
configure:12747: gcc -c -g -O2  conftest.c >&5
configure:12747: $? = 0
configure:12747: result: yes
configure:12747: checking zlib.h presence
configure:12747: gcc -E  conftest.c
configure:12747: $? = 0
configure:12747: result: yes
configure:12747: checking for zlib.h
configure:12747: result: yes
configure:12755: checking for inflateEnd in -lz
configure:12780: gcc -o conftest -g -O2   conftest.c -lz   >&5
configure:12780: $? = 0
configure:12789: result: yes
configure:12804: checking bzlib.h usability
configure:12804: gcc -c -g -O2  conftest.c >&5
configure:12804: $? = 0
configure:12804: result: yes
configure:12804: checking bzlib.h presence
configure:12804: gcc -E  conftest.c
configure:12804: $? = 0
configure:12804: result: yes
configure:12804: checking for bzlib.h
configure:12804: result: yes
configure:12812: checking for BZ2_bzDecompressInit in -lbz2
configure:12837: gcc -o conftest -g -O2   conftest.c -lbz2  -lz  >&5
configure:12837: $? = 0
configure:12846: result: yes
configure:12876: gcc -c -g -O2  conftest.c >&5
configure:12876: $? = 0
configure:12917: checking for a Python interpreter with version >= 2.4
configure:12934: python -c import sys # split strings by '.' and convert to numeric. Append some zeros # because we need at least 4 digits for the hex conversion. # map returns an iterator in Python 3.0 and a list in 2.x minver = list(map(int, '2.4'.split('.'))) + [0, 0, 0] minverhex = 0 # xrange is not present in Python 3.0 and range returns an iterator for i in list(range(0, 4)): minverhex = (minverhex << 8) + minver[i] sys.exit(sys.hexversion < minverhex)
configure:12937: $? = 0
configure:12943: result: python
configure:12951: checking for python
configure:12969: found /usr/bin/python
configure:12981: result: /usr/bin/python
configure:12999: checking for python version
configure:13006: result: 2.7
configure:13018: checking for python platform
configure:13025: result: linux2
configure:13051: checking for python script directory
configure:13086: result: ${prefix}/lib/python2.7/dist-packages
configure:13095: checking for python extension module directory
configure:13130: result: ${exec_prefix}/lib/python2.7/dist-packages
configure:13270: checking that generated files are newer than configure
configure:13276: result: done
configure:13295: creating ./config.status

## ---------------------- ##
## Running config.status. ##
## ---------------------- ##

This file was extended by libmpq config.status 0.4.2, which was
generated by GNU Autoconf 2.69.  Invocation command line was

  CONFIG_FILES    = 
  CONFIG_HEADERS  = 
  CONFIG_LINKS    = 
  CONFIG_COMMANDS = 
  $ ./config.status 

on bambam

config.status:1101: creating libmpq.pc
config.status:1101: creating libmpq-config
config.status:1101: creating Makefile
config.status:1101: creating libmpq/Makefile
config.status:1101: creating bindings/Makefile
config.status:1101: creating bindings/d/Makefile
config.status:1101: creating bindings/python/Makefile
config.status:1101: creating doc/Makefile
config.status:1101: creating doc/man1/Makefile
config.status:1101: creating doc/man3/Makefile
config.status:1101: creating tools/Makefile
config.status:1101: creating config.h
config.status:1330: executing libtool commands

## ---------------- ##
## Cache variables. ##
## ---------------- ##

ac_cv_build=x86_64-pc-linux-gnu
ac_cv_c_compiler_gnu=yes
ac_cv_env_CC_set=
ac_cv_env_CC_value=
ac_cv_env_CFLAGS_set=
ac_cv_env_CFLAGS_value=
ac_cv_env_CPPFLAGS_set=
ac_cv_env_CPPFLAGS_value=
ac_cv_env_CPP_set=
ac_cv_env_CPP_value=
ac_cv_env_LDFLAGS_set=
ac_cv_env_LDFLAGS_value=
ac_cv_env_LIBS_set=
ac_cv_env_LIBS_value=
ac_cv_env_LT_SYS_LIBRARY_PATH_set=
ac_cv_env_LT_SYS_LIBRARY_PATH_value=
ac_cv_env_PYTHON_set=
ac_cv_env_PYTHON_value=
ac_cv_env_build_alias_set=
ac_cv_env_build_alias_value=
ac_cv_env_host_alias_set=
ac_cv_env_host_alias_value=
ac_cv_env_target_alias_set=
ac_cv_env_target_alias_value=
ac_cv_header_bzlib_h=yes
ac_cv_header_dlfcn_h=yes
ac_cv_header_inttypes_h=yes
ac_cv_header_memory_h=yes
ac_cv_header_stdc=yes
ac_cv_header_stdint_h=yes
ac_cv_header_stdlib_h=yes
ac_cv_header_string_h=yes
ac_cv_header_strings_h=yes
ac_cv_header_sys_stat_h=yes
ac_cv_header_sys_types_h=yes
ac_cv_header_unistd_h=yes
ac_cv_header_zlib_h=yes
ac_cv_host=x86_64-pc-linux-gnu
ac_cv_lib_bz2_BZ2_bzDecompressInit=yes
ac_cv_lib_z_inflateEnd=yes
ac_cv_objext=o
ac_cv_path_EGREP='/bin/grep -E'
ac_cv_path_FGREP='/bin/grep -F'
ac_cv_path_GREP=/bin/grep
ac_cv_path_PYTHON=/usr/bin/python
ac_cv_path_SED=/bin/sed
ac_cv_path_install='/usr/bin/install -c'
ac_cv_path_lt_DD=/bin/dd
ac_cv_path_mkdir=/bin/mkdir
ac_cv_prog_AWK=gawk
ac_cv_prog_CPP='gcc -E'
ac_cv_prog_ac_ct_AR=ar
ac_cv_prog_ac_ct_CC=gcc
ac_cv_prog_ac_ct_MANIFEST_TOOL=mt
ac_cv_prog_ac_ct_OBJDUMP=objdump
ac_cv_prog_ac_ct_RANLIB=ranlib
ac_cv_prog_ac_ct_STRIP=strip
ac_cv_prog_cc_c89=
ac_cv_prog_cc_g=yes
ac_cv_prog_make_make_set=yes
ac_cv_sys_file_offset_bits=no
ac_cv_sys_largefile_CC=no
ac_cv_sys_largefile_source=no
ac_cv_target=x86_64-pc-linux-gnu
am_cv_make_support_nested_variables=yes
am_cv_pathless_PYTHON=python
am_cv_prog_cc_c_o=yes
am_cv_python_platform=linux2
am_cv_python_pyexecdir='${exec_prefix}/lib/python2.7/dist-packages'
am_cv_python_pythondir='${prefix}/lib/python2.7/dist-packages'
am_cv_python_version=2.7
lt_cv_ar_at_file=@
lt_cv_archive_cmds_need_lc=no
lt_cv_deplibs_check_method=pass_all
lt_cv_file_magic_cmd='$MAGIC_CMD'
lt_cv_file_magic_test_file=
lt_cv_ld_reload_flag=-r
lt_cv_nm_interface='BSD nm'
lt_cv_objdir=.libs
lt_cv_path_LD=/usr/bin/ld
lt_cv_path_NM='/usr/bin/nm -B'
lt_cv_path_mainfest_tool=no
lt_cv_prog_compiler_c_o=yes
lt_cv_prog_compiler_pic='-fPIC -DPIC'
lt_cv_prog_compiler_pic_works=yes
lt_cv_prog_compiler_rtti_exceptions=no
lt_cv_prog_compiler_static_works=yes
lt_cv_prog_gnu_ld=yes
lt_cv_sharedlib_from_linklib_cmd='printf %s\n'
lt_cv_shlibpath_overrides_runpath=no
lt_cv_sys_global_symbol_pipe='sed -n -e '\''s/^.*[	 ]\([ABCDGIRSTW][ABCDGIRSTW]*\)[	 ][	 ]*\([_A-Za-z][_A-Za-z0-9]*\)$/\1 \2 \2/p'\'' | sed '\''/ __gnu_lto/d'\'''
lt_cv_sys_global_symbol_to_c_name_address='sed -n -e '\''s/^: \(.*\) .*$/  {"\1", (void *) 0},/p'\'' -e '\''s/^[ABCDGIRSTW][ABCDGIRSTW]* .* \(.*\)$/  {"\1", (void *) \&\1},/p'\'''
lt_cv_sys_global_symbol_to_c_name_address_lib_prefix='sed -n -e '\''s/^: \(.*\) .*$/  {"\1", (void *) 0},/p'\'' -e '\''s/^[ABCDGIRSTW][ABCDGIRSTW]* .* \(lib.*\)$/  {"\1", (void *) \&\1},/p'\'' -e '\''s/^[ABCDGIRSTW][ABCDGIRSTW]* .* \(.*\)$/  {"lib\1", (void *) \&\1},/p'\'''
lt_cv_sys_global_symbol_to_cdecl='sed -n -e '\''s/^T .* \(.*\)$/extern int \1();/p'\'' -e '\''s/^[ABCDGIRSTW][ABCDGIRSTW]* .* \(.*\)$/extern char \1;/p'\'''
lt_cv_sys_global_symbol_to_import=
lt_cv_sys_max_cmd_len=1966080
lt_cv_to_host_file_cmd=func_convert_file_noop
lt_cv_to_tool_file_cmd=func_convert_file_noop
lt_cv_truncate_bin='/bin/dd bs=4096 count=1'

## ----------------- ##
## Output variables. ##
## ----------------- ##

ACLOCAL='${SHELL} /home/mangos/git/mangos-classic/dep/libmpq/missing aclocal-1.15'
AMTAR='$${TAR-tar}'
AM_BACKSLASH='\'
AM_DEFAULT_V='$(AM_DEFAULT_VERBOSITY)'
AM_DEFAULT_VERBOSITY='1'
AM_V='$(V)'
AR='ar'
AUTOCONF='${SHELL} /home/mangos/git/mangos-classic/dep/libmpq/missing autoconf'
AUTOHEADER='${SHELL} /home/mangos/git/mangos-classic/dep/libmpq/missing autoheader'
AUTOMAKE='${SHELL} /home/mangos/git/mangos-classic/dep/libmpq/missing automake-1.15'
AWK='gawk'
CC='gcc'
CFLAGS='-g -O2 -fvisibility=hidden'
CPP='gcc -E'
CPPFLAGS=''
CYGPATH_W='echo'
DEFS='-DHAVE_CONFIG_H'
DLLTOOL='false'
DSYMUTIL=''
DUMPBIN=''
ECHO_C=''
ECHO_N='-n'
ECHO_T=''
EGREP='/bin/grep -E'
EXEEXT=''
FGREP='/bin/grep -F'
GREP='/bin/grep'
HAVE_PYTHON_FALSE='#'
HAVE_PYTHON_TRUE=''
INSTALL_DATA='${INSTALL} -m 644'
INSTALL_PROGRAM='${INSTALL}'
INSTALL_SCRIPT='${INSTALL}'
INSTALL_STRIP_PROGRAM='$(install_sh) -c -s'
LD='/usr/bin/ld -m elf_x86_64'
LDFLAGS=''
LFS_CFLAGS='-D_LARGE_FILES=1'
LIBOBJS=''
LIBS='-lbz2 -lz '
LIBTOOL='$(SHELL) $(top_builddir)/libtool'
LIPO=''
LN_S='ln -s'
LTLIBOBJS=''
LT_SYS_LIBRARY_PATH=''
MAKEINFO='${SHELL} /home/mangos/git/mangos-classic/dep/libmpq/missing makeinfo'
MANIFEST_TOOL=':'
MKDIR_P='/bin/mkdir -p'
NM='/usr/bin/nm -B'
NMEDIT=''
OBJDUMP='objdump'
OBJEXT='o'
OTOOL64=''
OTOOL=''
PACKAGE='libmpq'
PACKAGE_BUGREPORT='mbroemme@plusserver.de'
PACKAGE_NAME='libmpq'
PACKAGE_STRING='libmpq 0.4.2'
PACKAGE_TARNAME='libmpq'
PACKAGE_URL=''
PACKAGE_VERSION='0.4.2'
PATH_SEPARATOR=':'
PYTHON='/usr/bin/python'
PYTHON_EXEC_PREFIX='${exec_prefix}'
PYTHON_PLATFORM='linux2'
PYTHON_PREFIX='${prefix}'
PYTHON_VERSION='2.7'
RANLIB='ranlib'
SED='/bin/sed'
SET_MAKE=''
SHELL='/bin/bash'
STRIP='strip'
VERSION='0.4.2'
ac_ct_AR='ar'
ac_ct_CC='gcc'
ac_ct_DUMPBIN=''
am__EXEEXT_FALSE=''
am__EXEEXT_TRUE='#'
am__isrc=''
am__leading_dot='.'
am__tar='$${TAR-tar} chof - "$$tardir"'
am__untar='$${TAR-tar} xf -'
bindir='${exec_prefix}/bin'
build='x86_64-pc-linux-gnu'
build_alias=''
build_cpu='x86_64'
build_os='linux-gnu'
build_vendor='pc'
datadir='${datarootdir}'
datarootdir='${prefix}/share'
docdir='${datarootdir}/doc/${PACKAGE_TARNAME}'
dvidir='${docdir}'
exec_prefix='${prefix}'
host='x86_64-pc-linux-gnu'
host_alias=''
host_cpu='x86_64'
host_os='linux-gnu'
host_vendor='pc'
htmldir='${docdir}'
includedir='${prefix}/include'
infodir='${datarootdir}/info'
install_sh='${SHELL} /home/mangos/git/mangos-classic/dep/libmpq/install-sh'
libdir='${exec_prefix}/lib'
libexecdir='${exec_prefix}/libexec'
localedir='${datarootdir}/locale'
localstatedir='${prefix}/var'
mandir='${datarootdir}/man'
mkdir_p='$(MKDIR_P)'
oldincludedir='/usr/include'
pdfdir='${docdir}'
pkgpyexecdir='${pyexecdir}/libmpq'
pkgpythondir='${pythondir}/libmpq'
prefix='/usr/local'
program_transform_name='s,x,x,'
psdir='${docdir}'
pyexecdir='${exec_prefix}/lib/python2.7/dist-packages'
pythondir='${prefix}/lib/python2.7/dist-packages'
runstatedir='${localstatedir}/run'
sbindir='${exec_prefix}/sbin'
sharedstatedir='${prefix}/com'
sysconfdir='${prefix}/etc'
target='x86_64-pc-linux-gnu'
target_alias=''
target_cpu='x86_64'
target_os='linux-gnu'
target_vendor='pc'

## ----------- ##
## confdefs.h. ##
## ----------- ##

/* confdefs.h */
#define PACKAGE_NAME "libmpq"
#define PACKAGE_TARNAME "libmpq"
#define PACKAGE_VERSION "0.4.2"
#define PACKAGE_STRING "libmpq 0.4.2"
#define PACKAGE_BUGREPORT "mbroemme@plusserver.de"
#define PACKAGE_URL ""
#define PACKAGE "libmpq"
#define VERSION "0.4.2"
#define STDC_HEADERS 1
#define HAVE_SYS_TYPES_H 1
#define HAVE_SYS_STAT_H 1
#define HAVE_STDLIB_H 1
#define HAVE_STRING_H 1
#define HAVE_MEMORY_H 1
#define HAVE_STRINGS_H 1
#define HAVE_INTTYPES_H 1
#define HAVE_STDINT_H 1
#define HAVE_UNISTD_H 1
#define HAVE_DLFCN_H 1
#define LT_OBJDIR ".libs/"
#define HAVE_FSEEKO 1
#define HAVE_LIBZ 1
#define HAVE_LIBBZ2 1

configure: exit 0
